<?xml version="1.0" encoding="UTF-8"?>
<testsuite xmlns:xsi="http://www.w3.org/2001/XMLSchema-instance" xsi:noNamespaceSchemaLocation="https://maven.apache.org/surefire/maven-surefire-plugin/xsd/surefire-test-report-3.0.xsd" version="3.0" name="TestSuite" time="323.695" tests="7" errors="0" skipped="0" failures="1">
  <properties>
[...]
</properties>
  <testcase name="Logintest001" classname="sep29_Testcases.LoginTestcases" time="28.077"/>
  <testcase name="Logintest002" classname="sep29_Testcases.LoginTestcases" time="27.774"/>
  <testcase name="ContactUsTest001" classname="sep29_Testcases.ContactUs" time="16.516"/>
  <testcase name="ContactUsTest002" classname="sep29_Testcases.ContactUs" time="15.518"/>
  <testcase name="ContactUsTest003" classname="sep29_Testcases.ContactUs" time="11.656">
    <failure message="expected [true] but found [false]" type="java.lang.AssertionError"><![CDATA[java.lang.AssertionError: expected [true] but found [false]
	at sep29_Testcases.ContactUs.ContactUsTest003(ContactUs.java:53)
]]></failure>
    <system-out><![CDATA[ContactUsTest003 failed due to the mismatch in the text
]]></system-out>
  </testcase>
  <testcase name="ContactUsTest004" classname="sep29_Testcases.ContactUs" time="14.024"/>
  <testcase name="ContactUsTest005" classname="sep29_Testcases.ContactUs" time="15.26"/>
</testsuite>