<?xml version="1.0" encoding="UTF-8"?>
<!-- Generated by org.testng.reporters.JUnitXMLReporter -->
<testsuite ignored="0" hostname="DESKTOP-Q4TLVFB" failures="0" tests="6" name="students" time="0.165" errors="0" timestamp="2021-09-21T16:34:47 IST">
  <testcase classname="Sep_21_TestNG.Student" name="ClassRoom" time="0.01"/>
  <testcase classname="Sep_21_TestNG.Student" name="School" time="0.004"/>
  <testcase classname="Sep_21_TestNG.School" name="student" time="0.002"/>
  <testcase classname="Sep_21_TestNG.School" name="student2" time="0.003"/>
  <testcase classname="Sep_21_TestNG.Emp" name="empname" time="0.003"/>
  <testcase classname="Sep_21_TestNG.Emp" name="empname2" time="0.003"/>
</testsuite> <!-- students -->
