<?xml version="1.0" encoding="UTF-8"?>
<!-- Generated by org.testng.reporters.JUnitXMLReporter -->
<testsuite ignored="0" hostname="DESKTOP-Q4TLVFB" failures="0" tests="6" name="Test1" time="0.12" errors="0" timestamp="2021-09-22T12:57:24 IST">
  <testcase classname="Sep_22.Student" name="ClassRoom" time="0.014"/>
  <testcase classname="Sep_22.Student" name="School" time="0.001"/>
  <testcase classname="Sep_22.Emp" name="empname" time="0.002"/>
  <testcase classname="Sep_22.Emp" name="empname2" time="0.004"/>
  <testcase classname="Sep_22.School" name="student" time="0.003"/>
  <testcase classname="Sep_22.School" name="student2" time="0.007"/>
</testsuite> <!-- Test1 -->
